<?xml version="1.0" encoding="UTF-8"?>
<testng-results ignored="0" total="1" passed="1" failed="0" skipped="0">
  <reporter-output>
    <line>
      <![CDATA[Report Generation]]>
    </line>
    <line>
      <![CDATA[Report]]>
    </line>
  </reporter-output>
  <suite started-at="2025-03-06T11:34:42 IST" name="Default suite" finished-at="2025-03-06T11:35:52 IST" duration-ms="69712">
    <groups>
      <group name="organisation">
        <method signature="Script1_Test.script1()[pri:0, instance:Scripts_VTiger.Script1_Test@4d774249]" name="script1" class="Scripts_VTiger.Script1_Test"/>
      </group> <!-- organisation -->
    </groups>
    <test started-at="2025-03-06T11:34:42 IST" name="Default test" finished-at="2025-03-06T11:35:52 IST" duration-ms="69712">
      <class name="Scripts_VTiger.Script1_Test">
        <test-method is-config="true" signature="beforeSuite()[pri:0, instance:Scripts_VTiger.Script1_Test@4d774249]" started-at="2025-03-06T11:34:42 IST" name="beforeSuite" finished-at="2025-03-06T11:34:42 IST" duration-ms="7" status="PASS">
          <reporter-output>
            <line>
              <![CDATA[Report Generation]]>
            </line>
          </reporter-output>
        </test-method> <!-- beforeSuite -->
        <test-method is-config="true" signature="beforeClass()[pri:0, instance:Scripts_VTiger.Script1_Test@4d774249]" started-at="2025-03-06T11:34:42 IST" name="beforeClass" finished-at="2025-03-06T11:34:49 IST" duration-ms="6478" status="PASS">
          <reporter-output>
          </reporter-output>
        </test-method> <!-- beforeClass -->
        <test-method is-config="true" signature="beforeMethod()[pri:0, instance:Scripts_VTiger.Script1_Test@4d774249]" started-at="2025-03-06T11:34:49 IST" name="beforeMethod" finished-at="2025-03-06T11:35:15 IST" duration-ms="26449" status="PASS">
          <reporter-output>
          </reporter-output>
        </test-method> <!-- beforeMethod -->
        <test-method signature="script1()[pri:0, instance:Scripts_VTiger.Script1_Test@4d774249]" started-at="2025-03-06T11:35:15 IST" name="script1" finished-at="2025-03-06T11:35:41 IST" duration-ms="25626" status="PASS">
          <reporter-output>
          </reporter-output>
        </test-method> <!-- script1 -->
        <test-method is-config="true" signature="afterMethod()[pri:0, instance:Scripts_VTiger.Script1_Test@4d774249]" started-at="2025-03-06T11:35:41 IST" name="afterMethod" finished-at="2025-03-06T11:35:52 IST" duration-ms="10854" status="PASS">
          <reporter-output>
          </reporter-output>
        </test-method> <!-- afterMethod -->
        <test-method is-config="true" signature="afterclass()[pri:0, instance:Scripts_VTiger.Script1_Test@4d774249]" started-at="2025-03-06T11:35:52 IST" name="afterclass" finished-at="2025-03-06T11:35:52 IST" duration-ms="280" status="PASS">
          <reporter-output>
          </reporter-output>
        </test-method> <!-- afterclass -->
        <test-method is-config="true" signature="afterSuite()[pri:0, instance:Scripts_VTiger.Script1_Test@4d774249]" started-at="2025-03-06T11:35:52 IST" name="afterSuite" finished-at="2025-03-06T11:35:52 IST" duration-ms="0" status="PASS">
          <reporter-output>
            <line>
              <![CDATA[Report]]>
            </line>
          </reporter-output>
        </test-method> <!-- afterSuite -->
      </class> <!-- Scripts_VTiger.Script1_Test -->
    </test> <!-- Default test -->
  </suite> <!-- Default suite -->
</testng-results>
