<?xml version="1.0" encoding="UTF-8"?>
<testng-results ignored="0" total="1" passed="0" failed="1" skipped="0">
  <reporter-output>
    <line>
      <![CDATA[Report Generation]]>
    </line>
    <line>
      <![CDATA[Report]]>
    </line>
  </reporter-output>
  <suite started-at="2024-07-16T17:04:39 IST" name="Default suite" finished-at="2024-07-16T17:05:03 IST" duration-ms="23588">
    <groups>
      <group name="Opportunities">
        <method signature="Script6_Test.script5()[pri:0, instance:Scripts_VTiger.Script6_Test@7e2f86e6]" name="script5" class="Scripts_VTiger.Script6_Test"/>
      </group> <!-- Opportunities -->
    </groups>
    <test started-at="2024-07-16T17:04:39 IST" name="Default test" finished-at="2024-07-16T17:05:03 IST" duration-ms="23588">
      <class name="Scripts_VTiger.Script6_Test">
        <test-method is-config="true" signature="beforeSuite()[pri:0, instance:Scripts_VTiger.Script6_Test@7e2f86e6]" started-at="2024-07-16T17:04:39 IST" name="beforeSuite" finished-at="2024-07-16T17:04:39 IST" duration-ms="6" status="PASS">
          <reporter-output>
            <line>
              <![CDATA[Report Generation]]>
            </line>
          </reporter-output>
        </test-method> <!-- beforeSuite -->
        <test-method is-config="true" signature="beforeClass()[pri:0, instance:Scripts_VTiger.Script6_Test@7e2f86e6]" started-at="2024-07-16T17:04:39 IST" name="beforeClass" finished-at="2024-07-16T17:04:55 IST" duration-ms="16360" status="PASS">
          <reporter-output>
          </reporter-output>
        </test-method> <!-- beforeClass -->
        <test-method is-config="true" signature="beforeMethod()[pri:0, instance:Scripts_VTiger.Script6_Test@7e2f86e6]" started-at="2024-07-16T17:04:55 IST" name="beforeMethod" finished-at="2024-07-16T17:04:58 IST" duration-ms="2571" status="PASS">
          <reporter-output>
          </reporter-output>
        </test-method> <!-- beforeMethod -->
        <test-method signature="script5()[pri:0, instance:Scripts_VTiger.Script6_Test@7e2f86e6]" started-at="2024-07-16T17:04:58 IST" name="script5" finished-at="2024-07-16T17:04:58 IST" duration-ms="60" status="FAIL">
          <exception class="java.lang.NullPointerException">
            <message>
              <![CDATA[Cannot invoke "org.openqa.selenium.WebElement.click()" because the return value of "pomRepos.CampaignsPage.getCampaignlink()" is null]]>
            </message>
            <full-stacktrace>
              <![CDATA[java.lang.NullPointerException: Cannot invoke "org.openqa.selenium.WebElement.click()" because the return value of "pomRepos.CampaignsPage.getCampaignlink()" is null
at Scripts_VTiger.Script6_Test.script5(Script6_Test.java:17)
at java.base/jdk.internal.reflect.NativeMethodAccessorImpl.invoke0(Native Method)
at java.base/jdk.internal.reflect.NativeMethodAccessorImpl.invoke(NativeMethodAccessorImpl.java:77)
at java.base/jdk.internal.reflect.DelegatingMethodAccessorImpl.invoke(DelegatingMethodAccessorImpl.java:43)
at java.base/java.lang.reflect.Method.invoke(Method.java:568)
at org.testng.internal.MethodInvocationHelper.invokeMethod(MethodInvocationHelper.java:133)
at org.testng.internal.TestInvoker.invokeMethod(TestInvoker.java:598)
at org.testng.internal.TestInvoker.invokeTestMethod(TestInvoker.java:173)
at org.testng.internal.MethodRunner.runInSequence(MethodRunner.java:46)
at org.testng.internal.TestInvoker$MethodInvocationAgent.invoke(TestInvoker.java:824)
at org.testng.internal.TestInvoker.invokeTestMethods(TestInvoker.java:146)
at org.testng.internal.TestMethodWorker.invokeTestMethods(TestMethodWorker.java:146)
at org.testng.internal.TestMethodWorker.run(TestMethodWorker.java:128)
at java.base/java.util.ArrayList.forEach(ArrayList.java:1511)
at org.testng.TestRunner.privateRun(TestRunner.java:794)
at org.testng.TestRunner.run(TestRunner.java:596)
at org.testng.SuiteRunner.runTest(SuiteRunner.java:377)
at org.testng.SuiteRunner.runSequentially(SuiteRunner.java:371)
at org.testng.SuiteRunner.privateRun(SuiteRunner.java:332)
at org.testng.SuiteRunner.run(SuiteRunner.java:276)
at org.testng.SuiteRunnerWorker.runSuite(SuiteRunnerWorker.java:53)
at org.testng.SuiteRunnerWorker.run(SuiteRunnerWorker.java:96)
at org.testng.TestNG.runSuitesSequentially(TestNG.java:1212)
at org.testng.TestNG.runSuitesLocally(TestNG.java:1134)
at org.testng.TestNG.runSuites(TestNG.java:1063)
at org.testng.TestNG.run(TestNG.java:1031)
at org.testng.remote.AbstractRemoteTestNG.run(AbstractRemoteTestNG.java:115)
at org.testng.remote.RemoteTestNG.initAndRun(RemoteTestNG.java:293)
at org.testng.remote.RemoteTestNG.main(RemoteTestNG.java:91)
]]>
            </full-stacktrace>
          </exception> <!-- java.lang.NullPointerException -->
          <reporter-output>
          </reporter-output>
        </test-method> <!-- script5 -->
        <test-method is-config="true" signature="afterMethod()[pri:0, instance:Scripts_VTiger.Script6_Test@7e2f86e6]" started-at="2024-07-16T17:04:58 IST" name="afterMethod" finished-at="2024-07-16T17:05:02 IST" duration-ms="3843" status="PASS">
          <reporter-output>
          </reporter-output>
        </test-method> <!-- afterMethod -->
        <test-method is-config="true" signature="afterclass()[pri:0, instance:Scripts_VTiger.Script6_Test@7e2f86e6]" started-at="2024-07-16T17:05:02 IST" name="afterclass" finished-at="2024-07-16T17:05:03 IST" duration-ms="708" status="PASS">
          <reporter-output>
          </reporter-output>
        </test-method> <!-- afterclass -->
        <test-method is-config="true" signature="afterSuite()[pri:0, instance:Scripts_VTiger.Script6_Test@7e2f86e6]" started-at="2024-07-16T17:05:03 IST" name="afterSuite" finished-at="2024-07-16T17:05:03 IST" duration-ms="0" status="PASS">
          <reporter-output>
            <line>
              <![CDATA[Report]]>
            </line>
          </reporter-output>
        </test-method> <!-- afterSuite -->
      </class> <!-- Scripts_VTiger.Script6_Test -->
    </test> <!-- Default test -->
  </suite> <!-- Default suite -->
</testng-results>
